This file contains any messages produced by compilers while
running configure, to aid debugging if configure makes a mistake.

It was created by cma configure 1, which was
generated by GNU Autoconf 2.65.  Invocation command line was

  $ ./configure --prefix=/cslab/home/dan.berghofer

## --------- ##
## Platform. ##
## --------- ##

hostname = lab151-6
uname -m = i686
uname -r = 2.6.32-36-generic
uname -s = Linux
uname -v = #79-Ubuntu SMP Tue Nov 8 22:29:26 UTC 2011

/usr/bin/uname -p = unknown
/bin/uname -X     = unknown

/bin/arch              = unknown
/usr/bin/arch -k       = unknown
/usr/convex/getsysinfo = unknown
/usr/bin/hostinfo      = unknown
/bin/machine           = unknown
/usr/bin/oslevel       = unknown
/bin/universe          = unknown

PATH: /usr/local/sbin
PATH: /usr/local/bin
PATH: /usr/sbin
PATH: /usr/bin
PATH: /sbin
PATH: /bin
PATH: /usr/games


## ----------- ##
## Core tests. ##
## ----------- ##

configure:2200: checking for a BSD-compatible install
configure:2268: result: /usr/bin/install -c
configure:2279: checking whether build environment is sane
configure:2329: result: yes
configure:2470: checking for a thread-safe mkdir -p
configure:2509: result: /bin/mkdir -p
configure:2522: checking for gawk
configure:2538: found /usr/bin/gawk
configure:2549: result: gawk
configure:2560: checking whether make sets $(MAKE)
configure:2582: result: yes
configure:2803: creating ./config.status

## ---------------------- ##
## Running config.status. ##
## ---------------------- ##

This file was extended by cma config.status 1, which was
generated by GNU Autoconf 2.65.  Invocation command line was

  CONFIG_FILES    = 
  CONFIG_HEADERS  = 
  CONFIG_LINKS    = 
  CONFIG_COMMANDS = 
  $ ./config.status 

on lab151-6

config.status:763: creating Makefile
config.status:763: creating src/Makefile
configure:3869: checking for gcc
configure:3885: found /usr/bin/gcc
configure:3896: result: gcc
configure:4125: checking for C compiler version
configure:4134: gcc --version >&5
gcc (Ubuntu 4.4.3-4ubuntu5) 4.4.3
Copyright (C) 2009 Free Software Foundation, Inc.
This is free software; see the source for copying conditions.  There is NO
warranty; not even for MERCHANTABILITY or FITNESS FOR A PARTICULAR PURPOSE.

configure:4145: $? = 0
configure:4134: gcc -v >&5
Using built-in specs.
Target: i486-linux-gnu
Configured with: ../src/configure -v --with-pkgversion='Ubuntu 4.4.3-4ubuntu5' --with-bugurl=file:///usr/share/doc/gcc-4.4/README.Bugs --enable-languages=c,c++,fortran,objc,obj-c++ --prefix=/usr --enable-shared --enable-multiarch --enable-linker-build-id --with-system-zlib --libexecdir=/usr/lib --without-included-gettext --enable-threads=posix --with-gxx-include-dir=/usr/include/c++/4.4 --program-suffix=-4.4 --enable-nls --enable-clocale=gnu --enable-libstdcxx-debug --enable-plugin --enable-objc-gc --enable-targets=all --disable-werror --with-arch-32=i486 --with-tune=generic --enable-checking=release --build=i486-linux-gnu --host=i486-linux-gnu --target=i486-linux-gnu
Thread model: posix
gcc version 4.4.3 (Ubuntu 4.4.3-4ubuntu5) 
configure:4145: $? = 0
configure:4134: gcc -V >&5
gcc: '-V' option must have argument
configure:4145: $? = 1
configure:4134: gcc -qversion >&5
gcc: unrecognized option '-qversion'
gcc: no input files
configure:4145: $? = 1
configure:4165: checking whether the C compiler works
configure:4187: gcc    conftest.c  >&5
configure:4191: $? = 0
configure:4240: result: yes
configure:4243: checking for C compiler default output file name
configure:4245: result: a.out
configure:4251: checking for suffix of executables
configure:4258: gcc -o conftest    conftest.c  >&5
configure:4262: $? = 0
configure:4284: result: 
configure:4306: checking whether we are cross compiling
configure:4314: gcc -o conftest    conftest.c  >&5
configure:4318: $? = 0
configure:4325: ./conftest
configure:4329: $? = 0
configure:4344: result: no
configure:4349: checking for suffix of object files
configure:4371: gcc -c   conftest.c >&5
configure:4375: $? = 0
configure:4396: result: o
configure:4400: checking whether we are using the GNU C compiler
configure:4419: gcc -c   conftest.c >&5
configure:4419: $? = 0
configure:4428: result: yes
configure:4437: checking whether gcc accepts -g
configure:4457: gcc -c -g  conftest.c >&5
configure:4457: $? = 0
configure:4498: result: yes
configure:4515: checking for gcc option to accept ISO C89
configure:4579: gcc  -c -g -O2  conftest.c >&5
configure:4579: $? = 0
configure:4592: result: none needed
configure:4623: checking for style of include used by make
configure:4651: result: GNU
configure:4676: checking dependency style of gcc
configure:4786: result: gcc3
configure:4811: checking how to run the C preprocessor
configure:4842: gcc -E  conftest.c
configure:4842: $? = 0
configure:4856: gcc -E  conftest.c
conftest.c:11:28: error: ac_nonexistent.h: No such file or directory
configure:4856: $? = 1
configure: failed program was:
| /* confdefs.h */
| #define PACKAGE_NAME "cma"
| #define PACKAGE_TARNAME "cma"
| #define PACKAGE_VERSION "1"
| #define PACKAGE_STRING "cma 1"
| #define PACKAGE_BUGREPORT "dancbtalk@yahoo.com"
| #define PACKAGE_URL ""
| #define PACKAGE "cma"
| #define VERSION "1"
| /* end confdefs.h.  */
| #include <ac_nonexistent.h>
configure:4881: result: gcc -E
configure:4901: gcc -E  conftest.c
configure:4901: $? = 0
configure:4915: gcc -E  conftest.c
conftest.c:11:28: error: ac_nonexistent.h: No such file or directory
configure:4915: $? = 1
configure: failed program was:
| /* confdefs.h */
| #define PACKAGE_NAME "cma"
| #define PACKAGE_TARNAME "cma"
| #define PACKAGE_VERSION "1"
| #define PACKAGE_STRING "cma 1"
| #define PACKAGE_BUGREPORT "dancbtalk@yahoo.com"
| #define PACKAGE_URL ""
| #define PACKAGE "cma"
| #define VERSION "1"
| /* end confdefs.h.  */
| #include <ac_nonexistent.h>
configure:4944: checking for grep that handles long lines and -e
configure:5002: result: /bin/grep
configure:5007: checking for egrep
configure:5069: result: /bin/grep -E
configure:5074: checking for ANSI C header files
configure:5094: gcc -c -g -O2  conftest.c >&5
configure:5094: $? = 0
configure:5167: gcc -o conftest -g -O2   conftest.c  >&5
configure:5167: $? = 0
configure:5167: ./conftest
configure:5167: $? = 0
configure:5178: result: yes
configure:5191: checking for sys/types.h
configure:5191: gcc -c -g -O2  conftest.c >&5
configure:5191: $? = 0
configure:5191: result: yes
configure:5191: checking for sys/stat.h
configure:5191: gcc -c -g -O2  conftest.c >&5
configure:5191: $? = 0
configure:5191: result: yes
configure:5191: checking for stdlib.h
configure:5191: gcc -c -g -O2  conftest.c >&5
configure:5191: $? = 0
configure:5191: result: yes
configure:5191: checking for string.h
configure:5191: gcc -c -g -O2  conftest.c >&5
configure:5191: $? = 0
configure:5191: result: yes
configure:5191: checking for memory.h
configure:5191: gcc -c -g -O2  conftest.c >&5
configure:5191: $? = 0
configure:5191: result: yes
configure:5191: checking for strings.h
configure:5191: gcc -c -g -O2  conftest.c >&5
configure:5191: $? = 0
configure:5191: result: yes
configure:5191: checking for inttypes.h
configure:5191: gcc -c -g -O2  conftest.c >&5
configure:5191: $? = 0
configure:5191: result: yes
configure:5191: checking for stdint.h
configure:5191: gcc -c -g -O2  conftest.c >&5
configure:5191: $? = 0
configure:5191: result: yes
configure:5191: checking for unistd.h
configure:5191: gcc -c -g -O2  conftest.c >&5
configure:5191: $? = 0
configure:5191: result: yes
configure:5207: checking limits.h usability
configure:5207: gcc -c -g -O2  conftest.c >&5
configure:5207: $? = 0
configure:5207: result: yes
configure:5207: checking limits.h presence
configure:5207: gcc -E  conftest.c
configure:5207: $? = 0
configure:5207: result: yes
configure:5207: checking for limits.h
configure:5207: result: yes
configure:5207: checking for stdlib.h
configure:5207: result: yes
configure:5207: checking for string.h
configure:5207: result: yes
configure:5220: checking for size_t
configure:5220: gcc -c -g -O2  conftest.c >&5
configure:5220: $? = 0
configure:5220: gcc -c -g -O2  conftest.c >&5
conftest.c: In function 'main':
conftest.c:60: error: expected expression before ')' token
configure:5220: $? = 1
configure: failed program was:
| /* confdefs.h */
| #define PACKAGE_NAME "cma"
| #define PACKAGE_TARNAME "cma"
| #define PACKAGE_VERSION "1"
| #define PACKAGE_STRING "cma 1"
| #define PACKAGE_BUGREPORT "dancbtalk@yahoo.com"
| #define PACKAGE_URL ""
| #define PACKAGE "cma"
| #define VERSION "1"
| #define STDC_HEADERS 1
| #define HAVE_SYS_TYPES_H 1
| #define HAVE_SYS_STAT_H 1
| #define HAVE_STDLIB_H 1
| #define HAVE_STRING_H 1
| #define HAVE_MEMORY_H 1
| #define HAVE_STRINGS_H 1
| #define HAVE_INTTYPES_H 1
| #define HAVE_STDINT_H 1
| #define HAVE_UNISTD_H 1
| #define HAVE_LIMITS_H 1
| #define HAVE_STDLIB_H 1
| #define HAVE_STRING_H 1
| /* end confdefs.h.  */
| #include <stdio.h>
| #ifdef HAVE_SYS_TYPES_H
| # include <sys/types.h>
| #endif
| #ifdef HAVE_SYS_STAT_H
| # include <sys/stat.h>
| #endif
| #ifdef STDC_HEADERS
| # include <stdlib.h>
| # include <stddef.h>
| #else
| # ifdef HAVE_STDLIB_H
| #  include <stdlib.h>
| # endif
| #endif
| #ifdef HAVE_STRING_H
| # if !defined STDC_HEADERS && defined HAVE_MEMORY_H
| #  include <memory.h>
| # endif
| # include <string.h>
| #endif
| #ifdef HAVE_STRINGS_H
| # include <strings.h>
| #endif
| #ifdef HAVE_INTTYPES_H
| # include <inttypes.h>
| #endif
| #ifdef HAVE_STDINT_H
| # include <stdint.h>
| #endif
| #ifdef HAVE_UNISTD_H
| # include <unistd.h>
| #endif
| int
| main ()
| {
| if (sizeof ((size_t)))
| 	    return 0;
|   ;
|   return 0;
| }
configure:5220: result: yes
configure:5235: checking for memset
configure:5235: gcc -o conftest -g -O2   conftest.c  >&5
conftest.c:47: warning: conflicting types for built-in function 'memset'
configure:5235: $? = 0
configure:5235: result: yes
configure:5399: creating ./config.status

## ---------------------- ##
## Running config.status. ##
## ---------------------- ##

This file was extended by cma config.status 1, which was
generated by GNU Autoconf 2.65.  Invocation command line was

  CONFIG_FILES    = 
  CONFIG_HEADERS  = 
  CONFIG_LINKS    = 
  CONFIG_COMMANDS = 
  $ ./config.status 

on lab151-6

config.status:776: creating Makefile
config.status:776: creating src/Makefile
config.status:939: executing depfiles commands

## ---------------- ##
## Cache variables. ##
## ---------------- ##

ac_cv_c_compiler_gnu=yes
ac_cv_env_CC_set=
ac_cv_env_CC_value=
ac_cv_env_CFLAGS_set=
ac_cv_env_CFLAGS_value=
ac_cv_env_CPPFLAGS_set=
ac_cv_env_CPPFLAGS_value=
ac_cv_env_CPP_set=
ac_cv_env_CPP_value=
ac_cv_env_LDFLAGS_set=
ac_cv_env_LDFLAGS_value=
ac_cv_env_LIBS_set=
ac_cv_env_LIBS_value=
ac_cv_env_build_alias_set=
ac_cv_env_build_alias_value=
ac_cv_env_host_alias_set=
ac_cv_env_host_alias_value=
ac_cv_env_target_alias_set=
ac_cv_env_target_alias_value=
ac_cv_func_memset=yes
ac_cv_header_inttypes_h=yes
ac_cv_header_limits_h=yes
ac_cv_header_memory_h=yes
ac_cv_header_stdc=yes
ac_cv_header_stdint_h=yes
ac_cv_header_stdlib_h=yes
ac_cv_header_string_h=yes
ac_cv_header_strings_h=yes
ac_cv_header_sys_stat_h=yes
ac_cv_header_sys_types_h=yes
ac_cv_header_unistd_h=yes
ac_cv_objext=o
ac_cv_path_EGREP='/bin/grep -E'
ac_cv_path_GREP=/bin/grep
ac_cv_path_install='/usr/bin/install -c'
ac_cv_path_mkdir=/bin/mkdir
ac_cv_prog_AWK=gawk
ac_cv_prog_CPP='gcc -E'
ac_cv_prog_ac_ct_CC=gcc
ac_cv_prog_cc_c89=
ac_cv_prog_cc_g=yes
ac_cv_prog_make_make_set=yes
ac_cv_type_size_t=yes
am_cv_CC_dependencies_compiler_type=gcc3

## ----------------- ##
## Output variables. ##
## ----------------- ##

ACLOCAL='${SHELL} /nfs/concen/usr2/cslab/home/dan.berghofer/cma/project/missing --run aclocal-1.11'
AMDEPBACKSLASH='\'
AMDEP_FALSE='#'
AMDEP_TRUE=''
AMTAR='${SHELL} /nfs/concen/usr2/cslab/home/dan.berghofer/cma/project/missing --run tar'
AUTOCONF='${SHELL} /nfs/concen/usr2/cslab/home/dan.berghofer/cma/project/missing --run autoconf'
AUTOHEADER='${SHELL} /nfs/concen/usr2/cslab/home/dan.berghofer/cma/project/missing --run autoheader'
AUTOMAKE='${SHELL} /nfs/concen/usr2/cslab/home/dan.berghofer/cma/project/missing --run automake-1.11'
AWK='gawk'
CC='gcc'
CCDEPMODE='depmode=gcc3'
CFLAGS='-g -O2'
CPP='gcc -E'
CPPFLAGS=''
CYGPATH_W='echo'
DEFS='-DPACKAGE_NAME=\"cma\" -DPACKAGE_TARNAME=\"cma\" -DPACKAGE_VERSION=\"1\" -DPACKAGE_STRING=\"cma\ 1\" -DPACKAGE_BUGREPORT=\"dancbtalk@yahoo.com\" -DPACKAGE_URL=\"\" -DPACKAGE=\"cma\" -DVERSION=\"1\" -DSTDC_HEADERS=1 -DHAVE_SYS_TYPES_H=1 -DHAVE_SYS_STAT_H=1 -DHAVE_STDLIB_H=1 -DHAVE_STRING_H=1 -DHAVE_MEMORY_H=1 -DHAVE_STRINGS_H=1 -DHAVE_INTTYPES_H=1 -DHAVE_STDINT_H=1 -DHAVE_UNISTD_H=1 -DHAVE_LIMITS_H=1 -DHAVE_STDLIB_H=1 -DHAVE_STRING_H=1 -DHAVE_MEMSET=1'
DEPDIR='.deps'
ECHO_C=''
ECHO_N='-n'
ECHO_T=''
EGREP='/bin/grep -E'
EXEEXT=''
GREP='/bin/grep'
INSTALL_DATA='${INSTALL} -m 644'
INSTALL_PROGRAM='${INSTALL}'
INSTALL_SCRIPT='${INSTALL}'
INSTALL_STRIP_PROGRAM='$(install_sh) -c -s'
LDFLAGS=''
LIBOBJS=''
LIBS=''
LTLIBOBJS=''
MAKEINFO='${SHELL} /nfs/concen/usr2/cslab/home/dan.berghofer/cma/project/missing --run makeinfo'
MKDIR_P='/bin/mkdir -p'
OBJEXT='o'
PACKAGE='cma'
PACKAGE_BUGREPORT='dancbtalk@yahoo.com'
PACKAGE_NAME='cma'
PACKAGE_STRING='cma 1'
PACKAGE_TARNAME='cma'
PACKAGE_URL=''
PACKAGE_VERSION='1'
PATH_SEPARATOR=':'
SET_MAKE=''
SHELL='/bin/bash'
STRIP=''
VERSION='1'
ac_ct_CC='gcc'
am__EXEEXT_FALSE=''
am__EXEEXT_TRUE='#'
am__fastdepCC_FALSE='#'
am__fastdepCC_TRUE=''
am__include='include'
am__isrc=''
am__leading_dot='.'
am__quote=''
am__tar='${AMTAR} chof - "$$tardir"'
am__untar='${AMTAR} xf -'
bindir='${exec_prefix}/bin'
build_alias=''
datadir='${datarootdir}'
datarootdir='${prefix}/share'
docdir='${datarootdir}/doc/${PACKAGE_TARNAME}'
dvidir='${docdir}'
exec_prefix='${prefix}'
host_alias=''
htmldir='${docdir}'
includedir='${prefix}/include'
infodir='${datarootdir}/info'
install_sh='${SHELL} /nfs/concen/usr2/cslab/home/dan.berghofer/cma/project/install-sh'
libdir='${exec_prefix}/lib'
libexecdir='${exec_prefix}/libexec'
localedir='${datarootdir}/locale'
localstatedir='${prefix}/var'
mandir='${datarootdir}/man'
mkdir_p='/bin/mkdir -p'
oldincludedir='/usr/include'
pdfdir='${docdir}'
prefix='/cslab/home/dan.berghofer'
program_transform_name='s,x,x,'
psdir='${docdir}'
sbindir='${exec_prefix}/sbin'
sharedstatedir='${prefix}/com'
sysconfdir='${prefix}/etc'
target_alias=''

## ----------- ##
## confdefs.h. ##
## ----------- ##

/* confdefs.h */
#define PACKAGE_NAME "cma"
#define PACKAGE_TARNAME "cma"
#define PACKAGE_VERSION "1"
#define PACKAGE_STRING "cma 1"
#define PACKAGE_BUGREPORT "dancbtalk@yahoo.com"
#define PACKAGE_URL ""
#define PACKAGE "cma"
#define VERSION "1"
#define STDC_HEADERS 1
#define HAVE_SYS_TYPES_H 1
#define HAVE_SYS_STAT_H 1
#define HAVE_STDLIB_H 1
#define HAVE_STRING_H 1
#define HAVE_MEMORY_H 1
#define HAVE_STRINGS_H 1
#define HAVE_INTTYPES_H 1
#define HAVE_STDINT_H 1
#define HAVE_UNISTD_H 1
#define HAVE_LIMITS_H 1
#define HAVE_STDLIB_H 1
#define HAVE_STRING_H 1
#define HAVE_MEMSET 1

configure: exit 0
